Examples/Yocto-Meteo-demo/build/outputs/logs/manifest-merger-debug-report.txt
-- Merging decision tree log ---
manifest
ADDED from Examples/Yocto-Meteo-demo/AndroidManifest.xml:1:1-33:12
	xmlns:android
		ADDED from Examples/Yocto-Meteo-demo/AndroidManifest.xml:1:11-69
	package
		ADDED from Examples/Yocto-Meteo-demo/AndroidManifest.xml:2:5-49
	android:versionName
		ADDED from Examples/Yocto-Meteo-demo/AndroidManifest.xml:4:5-32
		INJECTED from Examples/Yocto-Meteo-demo/AndroidManifest.xml
		INJECTED from Examples/Yocto-Meteo-demo/AndroidManifest.xml
	android:versionCode
		ADDED from Examples/Yocto-Meteo-demo/AndroidManifest.xml:3:5-28
		INJECTED from Examples/Yocto-Meteo-demo/AndroidManifest.xml
		INJECTED from Examples/Yocto-Meteo-demo/AndroidManifest.xml
uses-feature#android.hardware.usb.host
ADDED from Examples/Yocto-Meteo-demo/AndroidManifest.xml:6:5-62
	android:name
		ADDED from Examples/Yocto-Meteo-demo/AndroidManifest.xml:6:19-59
uses-sdk
ADDED from Examples/Yocto-Meteo-demo/AndroidManifest.xml:8:5-10:41
MERGED from [com.yoctopuce.android:YoctoLib:1.10.24765] AndroidManifest.xml:7:5-9:41
	android:targetSdkVersion
		ADDED from Examples/Yocto-Meteo-demo/AndroidManifest.xml:10:9-38
		INJECTED from Examples/Yocto-Meteo-demo/AndroidManifest.xml
		INJECTED from Examples/Yocto-Meteo-demo/AndroidManifest.xml
	android:minSdkVersion
		ADDED from Examples/Yocto-Meteo-demo/AndroidManifest.xml:9:9-35
		INJECTED from Examples/Yocto-Meteo-demo/AndroidManifest.xml
		INJECTED from Examples/Yocto-Meteo-demo/AndroidManifest.xml
application
ADDED from Examples/Yocto-Meteo-demo/AndroidManifest.xml:12:5-31:19
MERGED from [com.yoctopuce.android:YoctoLib:1.10.24765] AndroidManifest.xml:11:5-53
	android:label
		ADDED from Examples/Yocto-Meteo-demo/AndroidManifest.xml:14:9-41
	android:allowBackup
		ADDED from Examples/Yocto-Meteo-demo/AndroidManifest.xml:15:9-35
	android:icon
		ADDED from Examples/Yocto-Meteo-demo/AndroidManifest.xml:13:9-45
activity#com.yoctopuce.examples.yocto_meteo.MainActivity
ADDED from Examples/Yocto-Meteo-demo/AndroidManifest.xml:16:9-30:20
	android:label
		ADDED from Examples/Yocto-Meteo-demo/AndroidManifest.xml:18:13-56
	android:name
		ADDED from Examples/Yocto-Meteo-demo/AndroidManifest.xml:17:13-41
intent-filter#android.hardware.usb.action.USB_DEVICE_ATTACHED+android.intent.action.MAIN+android.intent.category.LAUNCHER
ADDED from Examples/Yocto-Meteo-demo/AndroidManifest.xml:19:13-25:29
action#android.intent.action.MAIN
ADDED from Examples/Yocto-Meteo-demo/AndroidManifest.xml:20:17-69
	android:name
		ADDED from Examples/Yocto-Meteo-demo/AndroidManifest.xml:20:25-66
category#android.intent.category.LAUNCHER
ADDED from Examples/Yocto-Meteo-demo/AndroidManifest.xml:22:17-77
	android:name
		ADDED from Examples/Yocto-Meteo-demo/AndroidManifest.xml:22:27-74
action#android.hardware.usb.action.USB_DEVICE_ATTACHED
ADDED from Examples/Yocto-Meteo-demo/AndroidManifest.xml:24:17-90
	android:name
		ADDED from Examples/Yocto-Meteo-demo/AndroidManifest.xml:24:25-87
meta-data#android.hardware.usb.action.USB_DEVICE_ATTACHED
ADDED from Examples/Yocto-Meteo-demo/AndroidManifest.xml:27:13-29:57
	android:resource
		ADDED from Examples/Yocto-Meteo-demo/AndroidManifest.xml:29:17-54
	android:name
		ADDED from Examples/Yocto-Meteo-demo/AndroidManifest.xml:28:17-79